./strategoxt/stratego-libraries/java-backend/trans/split-large-strategies.str	Could not parse file
./strategoxt/stratego-libraries/java-backend/trans/s2j.str	Could not parse file
./strategoxt/stratego-libraries/java-backend/trans/java-simplify.str	Could not parse file
./strategoxt/stratego-libraries/java-backend/trans/variable-access.str	Could not parse file
./strategoxt/stratego-libraries/java-backend/trans/java-postprocess.str	Could not parse file
./strategoxt/stratego-libraries/java-backend/trans/java-dead-assigns.str	Could not parse file
./strategoxt/stratego-libraries/java-backend/trans/java-optimize.str	Could not parse file
./strategoxt/stratego-libraries/java-backend/java/tools/org/strategoxt/tools/lib/core-rtg2sig.str	Could not parse file
./strategoxt/stratego-libraries/java-backend/java/tools/org/strategoxt/tools/lib/gen-sdf-mix.str	Could not parse file
./strategoxt/stratego-libraries/java-backend/java/tools/org/strategoxt/tools/lib/gen-renamed-sdf-module.str	Could not parse file
./strategoxt/stratego-libraries/java-backend/java/tools/org/strategoxt/tools/lib/sdf2parenthesize.str	Could not parse file
./strategoxt/stratego-libraries/java-backend/java/tools/org/strategoxt/tools/lib/core-sdf-grammar2rtg.str	Could not parse file
./strategoxt/stratego-libraries/java-backend/java/tools/org/strategoxt/tools/lib/stratego-rtg.str	Could not parse file
./strategoxt/stratego-libraries/java-backend/java/tools/org/strategoxt/tools/lib/sdf-spread-cons.str	Could not parse file
./strategoxt/stratego-libraries/java-backend/test/strc1/cs_test02.str	Could not parse file
./strategoxt/stratego-libraries/java-backend/test/strc1/test44.str	Could not parse file
strategoxt/stratego-libraries/java-backend/test/strc1/spec.str	Failed to instrument aterm
./strategoxt/stratego-libraries/java-backend/test/strc1/cs_test01.str	Could not parse file
./strategoxt/stratego-libraries/java-backend/test/strc1/cs_test04.str	Could not parse file
./strategoxt/stratego-libraries/java-backend/test/strc1/cs_test03.str	Could not parse file
./strategoxt/stratego-libraries/gpp/tests/abox2text-tests.str	Could not parse file
./strategoxt/stratego-libraries/strc/tests/testneg/test01.str	Could not parse file
./strategoxt/stratego-libraries/strc/tests/unit/use-def-test.str	Could not parse file
./strategoxt/stratego-libraries/strc/tests/unit/const-prop-test.str	Could not parse file
./strategoxt/stratego-libraries/strc/tests/unit/fusion-test.str	Could not parse file
./strategoxt/stratego-libraries/strc/tests/unit/stratlib-test.str	Could not parse file
./strategoxt/stratego-libraries/strc/tests/unit/canonicalize-ng-test.str	Could not parse file
./strategoxt/stratego-libraries/strc/tests/unit/bound-unbound-vars-test.str	Could not parse file
./strategoxt/stratego-libraries/strc/tests/test1/cs-test01.str	Could not parse file
./strategoxt/stratego-libraries/strc/tests/test1/cs-test04.str	Could not parse file
./strategoxt/stratego-libraries/strc/tests/test1/cs-test03.str	Could not parse file
./strategoxt/stratego-libraries/strc/tests/test1/test44.str	Could not parse file
strategoxt/stratego-libraries/strc/tests/test1/spec.str	Failed to instrument aterm
./strategoxt/stratego-libraries/strc/tests/test1/cs-test02.str	Could not parse file
./strategoxt/stratego-libraries/strc/lib/stratego/strc/lib/stratlib-test.str	Could not parse file
./strategoxt/stratego-libraries/strc/lib/stratego/strc/front/use-def.str	Could not parse file
./strategoxt/stratego-libraries/strc/lib/stratego/strc/front/desugar-string-quotations.str	Could not parse file
./strategoxt/stratego-libraries/strc/lib/stratego/strc/front/lift-dynamic-rules.str	Could not parse file
./strategoxt/stratego-libraries/strc/lib/stratego/strc/front/needed-defs.str	Could not parse file
./strategoxt/stratego-libraries/strc/lib/stratego/strc/front/raise-annotations.str	Could not parse file
./strategoxt/stratego-libraries/strc/lib/stratego/strc/front/desugar-list-matching.str	Could not parse file
./strategoxt/stratego-libraries/strc/lib/stratego/strc/front/variables-to-constructors.str	Could not parse file
./strategoxt/stratego-libraries/strc/lib/stratego/strc/front/desugar.str	Could not parse file
./strategoxt/stratego-libraries/strc/lib/stratego/strc/front/introduce-congdefs.str	Could not parse file
./strategoxt/stratego-libraries/strc/lib/stratego/strc/front/expand-overlays.str	Could not parse file
./strategoxt/stratego-libraries/strc/lib/stratego/strc/c/escaping-variables.str	Could not parse file
./strategoxt/stratego-libraries/strc/lib/stratego/strc/c/frame-composition.str	Could not parse file
./strategoxt/stratego-libraries/strc/lib/stratego/strc/c/C-simplify.str	Could not parse file
./strategoxt/stratego-libraries/strc/lib/stratego/strc/c/s2c-classic.str	Could not parse file
./strategoxt/stratego-libraries/strc/lib/stratego/strc/c/s2c.str	Could not parse file
./strategoxt/stratego-libraries/strc/lib/stratego/strc/c/s2c-ng.str	Could not parse file
./strategoxt/stratego-libraries/strc/lib/stratego/strc/pp/stratego2abox.str	Could not parse file
./strategoxt/stratego-libraries/strc/lib/stratego/strc/opt/stratego-laws.str	Could not parse file
./strategoxt/stratego-libraries/strc/lib/stratego/strc/opt/effects-analysis.str	Could not parse file
./strategoxt/stratego-libraries/strc/lib/stratego/strc/opt/worker-wrapper.str	Could not parse file
./strategoxt/stratego-libraries/strc/lib/stratego/strc/opt/fusion.str	Could not parse file
./strategoxt/stratego-libraries/strc/lib/stratego/strc/opt/canonicalize-ng.str	Could not parse file
./strategoxt/stratego-libraries/strc/lib/stratego/strc/opt/fusion-rules.str	Could not parse file
./strategoxt/stratego-libraries/aterm/lib/stratego/aterm/PrettyPrintRules.str	Could not parse file
./strategoxt/stratego-libraries/tool-doc/lib/stratego/tool-doc/PrettyPrint.str	Could not parse file
./strategoxt/syntax/gpp/tools3/pp2c-box-to-c.str	Could not parse file
./strategoxt/syntax/stratego-regular/xtc/tool-doc2abox.str	Could not parse file
./strategoxt/syntax/stratego-regular/trans/sig/core-rtg2sig.str	Could not parse file
./strategoxt/syntax/stratego-regular/trans/sig/stratego-rtg.str	Could not parse file
./strategoxt/syntax/stratego-regular/trans/sig/core-rtg2typematch.str	Could not parse file
./strategoxt/syntax/stratego-regular/trans/interpret/core-format-check-to-xhtml.str	Could not parse file
./strategoxt/syntax/stratego-regular/trans/interpret/core-format-check-pp-aterm.str	Could not parse file
./strategoxt/syntax/stratego-regular/trans/sdf2rtg/core-sdf-grammar2rtg.str	Could not parse file
./strategoxt/syntax/stratego-front/test/prop1.str	Could not parse file
./strategoxt/syntax/stratego-front/test/anti-quote-preterm.str	Could not parse file
./strategoxt/syntax/stratego-front/test/prop2.str	Could not parse file
./strategoxt/syntax/stratego-front/test/prop1-asfix.str	Could not parse file
./strategoxt/syntax/java-front/lib/java/pp/type/variable.str	Could not parse file
./strategoxt/syntax/java-front/lib/java/pp/type/reference.str	Could not parse file
./strategoxt/syntax/java-front/lib/java/pp/type/parameterized.str	Could not parse file
./strategoxt/syntax/java-front/lib/java/pp/type/primitive.str	Could not parse file
./strategoxt/syntax/java-front/lib/java/pp/interface/annotation-type.str	Could not parse file
./strategoxt/syntax/java-front/lib/java/pp/interface/annotation.str	Could not parse file
./strategoxt/syntax/java-front/lib/java/pp/class/enum-declaration.str	Could not parse file
./strategoxt/syntax/java-front/lib/java/pp/class/method-declaration.str	Could not parse file
./strategoxt/syntax/java-front/lib/java/pp/literal.str	Could not parse file
./strategoxt/syntax/java-front/lib/java/pp/modifier.str	Could not parse file
./strategoxt/syntax/java-front/lib/java/pp/name.str	Could not parse file
./strategoxt/syntax/java-front/lib/java/pp/helpers.str	Could not parse file
./strategoxt/syntax/java-front/lib/java/pp/statement.str	Could not parse file
./strategoxt/syntax/java-front/lib/java/pp/expression.str	Could not parse file
./strategoxt/syntax/java-front/lib/java/pp/main.str	Could not parse file
./strategoxt/syntax/java-front/examples/stratego-java/class-gen.str	Could not parse file
./_cellar/sdf-tools/trans/gen-sdf-mix.str	Could not parse file
./_cellar/sdf-tools/trans/gen-renamed-sdf-module.str	Could not parse file
./_cellar/sdf-tools/trans/sdf2parenthesize.str	Could not parse file
./_cellar/sdf-tools/trans/sdf-spread-cons.str	Could not parse file
./_cellar/xml-front/tests/str-xml/str-xml-tests.str	Could not parse file
./_cellar/xml-front/trans/process/xml-info2xml-doc.str	Could not parse file
./_cellar/xml-front/trans/data2xml-doc.str	Could not parse file
./_cellar/xml-front/pp/xml/xml-doc2abox.str	Could not parse file